{
    "tries": [
        {
            "ip": "172.17.0.1",
            "balancer_latency": 0,
            "port": 5050,
            "balancer_start": 1648118046158
        }
    ],
    "request": {
        "url": "http://localhost:8000/cat/2",
        "method": "GET",
        "size": 628,
        "headers": {
            "content-type": "multipart/form-data; boundary=--------------------------698020375723560912875073",
            "accept-encoding": "gzip, deflate, br",
            "accept": "*/*",
            "content-length": "270",
            "x-consumer-groups": "cat",
            "user-agent": "PostmanRuntime/7.29.0",
            "x-credential-username": "cat",
            "x-credential-identifier": "cat",
            "x-consumer-username": "cat",
            "x-consumer-custom-id": "cat",
            "x-consumer-id": "e09deb31-2322-45c8-b553-0fbde3da9b62",
            "connection": "keep-alive",
            "host": "localhost:8000",
            "authorization": "REDACTED",
            "postman-token": "afe66749-d1bb-4cfd-b0ad-603d97b70378"
        },
        "uri": "/cat/2",
        "querystring": {}
    },
    "workspace": "3c4ca33f-a242-4d4e-9be7-74b1f2baa013",
    "upstream_uri": "/v0/cat/2",
    "service": {
        "write_timeout": 60000,
        "ws_id": "3c4ca33f-a242-4d4e-9be7-74b1f2baa013",
        "protocol": "http",
        "connect_timeout": 60000,
        "read_timeout": 60000,
        "host": "172.17.0.1",
        "tags": [],
        "enabled": true,
        "path": "/v0/cat",
        "retries": 5,
        "updated_at": 1647798935,
        "name": "Cats",
        "id": "8345bcf4-f363-4068-ad1e-3469b46dfff2",
        "created_at": 1647798925,
        "port": 5050
    },
    "latencies": {
        "request": 147,
        "kong": 38,
        "proxy": 109
    },
    "started_at": 1648118046122,
    "client_ip": "172.23.0.1",
    "authenticated_entity": {
        "id": "84c98a6c-0b19-4e90-8d39-af6f3bd290b8"
    },
    "route": {
        "regex_priority": 0,
        "ws_id": "3c4ca33f-a242-4d4e-9be7-74b1f2baa013",
        "service": {
            "id": "8345bcf4-f363-4068-ad1e-3469b46dfff2"
        },
        "protocols": ["http"],
        "path_handling": "v0",
        "paths": ["/cat"],
        "strip_path": true,
        "request_buffering": true,
        "response_buffering": true,
        "preserve_host": false,
        "created_at": 1647798958,
        "updated_at": 1647798976,
        "name": "v0-Cats",
        "id": "119ed191-30b9-49dc-a3f2-be17a8d69b92",
        "https_redirect_status_code": 426
    },
    "consumer": {
        "custom_id": "cat",
        "username_lower": "cat",
        "tags": [],
        "id": "e09deb31-2322-45c8-b553-0fbde3da9b62",
        "type": 0,
        "username": "cat",
        "created_at": 1647801051
    },
    "response": {
        "headers": {
            "content-type": "application/json",
            "via": "kong/2.8.0.0-enterprise-edition",
            "connection": "close",
            "date": "Thu, 24 Mar 2022 10:34:06 GMT",
            "content-length": "166522",
            "x-kong-upstream-latency": "109",
            "server": "Werkzeug/1.0.1 Python/2.7.17",
            "x-kong-proxy-latency": "36"
        },
        "status": 200,
        "size": 166790
    }
} {
    "authenticated_entity": {
        "id": "84c98a6c-0b19-4e90-8d39-af6f3bd290b8"
    },
    "started_at": 1648118801420,
    "client_ip": "172.23.0.1",
    "workspace": "3c4ca33f-a242-4d4e-9be7-74b1f2baa013",
    "consumer": {
        "id": "e09deb31-2322-45c8-b553-0fbde3da9b62",
        "custom_id": "cat",
        "username_lower": "cat",
        "type": 0,
        "username": "cat",
        "created_at": 1647801051,
        "tags": []
    },
    "tries": [
        {
            "balancer_start": 1648118801445,
            "ip": "172.17.0.1",
            "balancer_latency": 0,
            "port": 5050
        }
    ],
    "response": {
        "size": 166789,
        "status": 200,
        "headers": {
            "via": "kong/2.8.0.0-enterprise-edition",
            "x-kong-upstream-latency": "98",
            "date": "Thu, 24 Mar 2022 10:46:41 GMT",
            "x-kong-proxy-latency": "25",
            "content-type": "application/json",
            "content-length": "166522",
            "server": "Werkzeug/1.0.1 Python/2.7.17",
            "connection": "close"
        }
    },
    "request": {
        "method": "GET",
        "url": "http://localhost:8000/cat/2",
        "querystring": {},
        "uri": "/cat/2",
        "headers": {
            "x-credential-identifier": "cat",
            "x-credential-username": "cat",
            "x-consumer-groups": "cat",
            "authorization": "REDACTED",
            "host": "localhost:8000",
            "user-agent": "PostmanRuntime/7.29.0",
            "accept-encoding": "gzip, deflate, br",
            "postman-token": "8084308f-5be9-4350-b4a2-b95add655c47",
            "x-consumer-id": "e09deb31-2322-45c8-b553-0fbde3da9b62",
            "accept": "*/*",
            "content-length": "270",
            "content-type": "multipart/form-data; boundary=--------------------------493640094068343659107638",
            "connection": "keep-alive",
            "x-consumer-custom-id": "cat",
            "x-consumer-username": "cat"
        },
        "size": 628
    },
    "latencies": {
        "request": 125,
        "kong": 27,
        "proxy": 98
    },
    "route": {
        "regex_priority": 0,
        "created_at": 1647798958,
        "id": "119ed191-30b9-49dc-a3f2-be17a8d69b92",
        "name": "v0-Cats",
        "request_buffering": true,
        "response_buffering": true,
        "ws_id": "3c4ca33f-a242-4d4e-9be7-74b1f2baa013",
        "strip_path": true,
        "preserve_host": false,
        "https_redirect_status_code": 426,
        "updated_at": 1647798976,
        "paths": ["/cat"],
        "protocols": ["http"],
        "path_handling": "v0",
        "service": {
            "id": "8345bcf4-f363-4068-ad1e-3469b46dfff2"
        }
    },
    "service": {
        "retries": 5,
        "created_at": 1647798925,
        "port": 5050,
        "id": "8345bcf4-f363-4068-ad1e-3469b46dfff2",
        "name": "Cats",
        "enabled": true,
        "ws_id": "3c4ca33f-a242-4d4e-9be7-74b1f2baa013",
        "connect_timeout": 60000,
        "read_timeout": 60000,
        "updated_at": 1647798935,
        "host": "172.17.0.1",
        "write_timeout": 60000,
        "path": "/v0/cat",
        "protocol": "http",
        "tags": []
    },
    "upstream_uri": "/v0/cat/2"
} {
    "authenticated_entity": {
        "id": "1dfc43e8-b5a7-4ac7-82bf-caaed402efc3"
    },
    "started_at": 1648119442698,
    "client_ip": "172.23.0.1",
    "workspace": "3c4ca33f-a242-4d4e-9be7-74b1f2baa013",
    "consumer": {
        "id": "3707a594-dc40-44a5-ade3-109aeb5e0439",
        "custom_id": "catdog",
        "username_lower": "catdog",
        "type": 0,
        "username": "catdog",
        "created_at": 1647799297,
        "tags": []
    },
    "tries": [
        {
            "balancer_start": 1648119442719,
            "ip": "172.17.0.1",
            "balancer_latency": 1,
            "port": 5051
        }
    ],
    "response": {
        "size": 269,
        "status": 403,
        "headers": {
            "via": "kong/2.8.0.0-enterprise-edition",
            "x-kong-upstream-latency": "19",
            "date": "Thu, 24 Mar 2022 10:57:22 GMT",
            "x-kong-proxy-latency": "22",
            "content-type": "application/json",
            "content-length": "0",
            "server": "Werkzeug/1.0.1 Python/2.7.17",
            "connection": "close"
        }
    },
    "request": {
        "method": "POST",
        "url": "http://localhost:8000/dog",
        "querystring": {},
        "uri": "/dog",
        "headers": {
            "x-consumer-groups": "catdog",
            "x-credential-username": "catdog",
            "x-consumer-id": "3707a594-dc40-44a5-ade3-109aeb5e0439",
            "authorization": "REDACTED",
            "x-consumer-username": "catdog",
            "user-agent": "PostmanRuntime/7.29.0",
            "x-credential-identifier": "catdog",
            "host": "localhost:8000",
            "x-consumer-custom-id": "catdog",
            "accept": "*/*",
            "content-length": "270",
            "content-type": "multipart/form-data; boundary=--------------------------048922859628707816353794",
            "connection": "keep-alive",
            "accept-encoding": "gzip, deflate, br",
            "postman-token": "d93db1d7-7bb1-4030-88ed-39a60356b30c"
        },
        "size": 635
    },
    "latencies": {
        "request": 41,
        "kong": 22,
        "proxy": 19
    },
    "route": {
        "regex_priority": 0,
        "created_at": 1647799095,
        "id": "8ebb282d-351b-4201-982f-3d5a134d001a",
        "name": "v0-Dog",
        "request_buffering": true,
        "response_buffering": true,
        "ws_id": "3c4ca33f-a242-4d4e-9be7-74b1f2baa013",
        "strip_path": true,
        "preserve_host": false,
        "https_redirect_status_code": 426,
        "updated_at": 1647799095,
        "paths": ["/dog"],
        "protocols": ["http"],
        "path_handling": "v0",
        "service": {
            "id": "f2203024-43cb-4c0c-a1ad-c6c913ecbae7"
        }
    },
    "service": {
        "retries": 5,
        "created_at": 1647799046,
        "port": 5051,
        "id": "f2203024-43cb-4c0c-a1ad-c6c913ecbae7",
        "name": "Dogs",
        "enabled": true,
        "ws_id": "3c4ca33f-a242-4d4e-9be7-74b1f2baa013",
        "connect_timeout": 60000,
        "read_timeout": 60000,
        "updated_at": 1647799055,
        "host": "172.17.0.1",
        "write_timeout": 60000,
        "path": "/v0/dog",
        "protocol": "http",
        "tags": []
    },
    "upstream_uri": "/v0/dog"
} {
    "authenticated_entity": {
        "id": "1dfc43e8-b5a7-4ac7-82bf-caaed402efc3"
    },
    "started_at": 1648119453923,
    "client_ip": "172.23.0.1",
    "workspace": "3c4ca33f-a242-4d4e-9be7-74b1f2baa013",
    "consumer": {
        "id": "3707a594-dc40-44a5-ade3-109aeb5e0439",
        "custom_id": "catdog",
        "username_lower": "catdog",
        "type": 0,
        "username": "catdog",
        "created_at": 1647799297,
        "tags": []
    },
    "tries": [
        {
            "balancer_start": 1648119453927,
            "ip": "172.17.0.1",
            "balancer_latency": 1,
            "port": 5051
        }
    ],
    "response": {
        "size": 275,
        "status": 200,
        "headers": {
            "via": "kong/2.8.0.0-enterprise-edition",
            "x-kong-upstream-latency": "71",
            "date": "Thu, 24 Mar 2022 10:57:33 GMT",
            "x-kong-proxy-latency": "5",
            "content-type": "application/json",
            "content-length": "13",
            "server": "Werkzeug/1.0.1 Python/2.7.17",
            "connection": "close"
        }
    },
    "request": {
        "method": "POST",
        "url": "http://localhost:8000/dog",
        "querystring": {},
        "uri": "/dog",
        "headers": {
            "x-consumer-groups": "catdog",
            "x-credential-username": "catdog",
            "x-consumer-id": "3707a594-dc40-44a5-ade3-109aeb5e0439",
            "authorization": "REDACTED",
            "x-consumer-username": "catdog",
            "user-agent": "PostmanRuntime/7.29.0",
            "x-credential-identifier": "catdog",
            "host": "localhost:8000",
            "x-consumer-custom-id": "catdog",
            "accept": "*/*",
            "content-length": "112012",
            "content-type": "multipart/form-data; boundary=--------------------------631869994332047379169814",
            "connection": "keep-alive",
            "accept-encoding": "gzip, deflate, br",
            "postman-token": "b854f586-58dd-471e-8e40-2a20e3a7206b"
        },
        "size": 112380
    },
    "latencies": {
        "request": 76,
        "kong": 5,
        "proxy": 71
    },
    "route": {
        "regex_priority": 0,
        "created_at": 1647799095,
        "id": "8ebb282d-351b-4201-982f-3d5a134d001a",
        "name": "v0-Dog",
        "request_buffering": true,
        "response_buffering": true,
        "ws_id": "3c4ca33f-a242-4d4e-9be7-74b1f2baa013",
        "strip_path": true,
        "preserve_host": false,
        "https_redirect_status_code": 426,
        "updated_at": 1647799095,
        "paths": ["/dog"],
        "protocols": ["http"],
        "path_handling": "v0",
        "service": {
            "id": "f2203024-43cb-4c0c-a1ad-c6c913ecbae7"
        }
    },
    "service": {
        "retries": 5,
        "created_at": 1647799046,
        "port": 5051,
        "id": "f2203024-43cb-4c0c-a1ad-c6c913ecbae7",
        "name": "Dogs",
        "enabled": true,
        "ws_id": "3c4ca33f-a242-4d4e-9be7-74b1f2baa013",
        "connect_timeout": 60000,
        "read_timeout": 60000,
        "updated_at": 1647799055,
        "host": "172.17.0.1",
        "write_timeout": 60000,
        "path": "/v0/dog",
        "protocol": "http",
        "tags": []
    },
    "upstream_uri": "/v0/dog"
} {
    "request": {
        "querystring": {},
        "url": "http://localhost:8000/cat/v0",
        "headers": {
            "accept": "*/*",
            "x-consumer-custom-id": "cat",
            "x-consumer-username": "cat",
            "authorization": "REDACTED",
            "content-length": "125274",
            "content-type": "multipart/form-data; boundary=--------------------------609607946102843726040229",
            "x-credential-username": "cat",
            "x-consumer-groups": "cat",
            "connection": "keep-alive",
            "x-credential-identifier": "cat",
            "postman-token": "543451da-10aa-4c4f-94d1-424aba57736d",
            "x-consumer-id": "e09deb31-2322-45c8-b553-0fbde3da9b62",
            "user-agent": "PostmanRuntime/7.29.0",
            "accept-encoding": "gzip, deflate, br",
            "host": "localhost:8000"
        },
        "size": 125637,
        "uri": "/cat/v0",
        "method": "POST"
    },
    "latencies": {
        "kong": 93,
        "request": 198,
        "proxy": 105
    },
    "service": {
        "name": "Cats",
        "path": "/v0/cat",
        "id": "8345bcf4-f363-4068-ad1e-3469b46dfff2",
        "port": 5050,
        "connect_timeout": 60000,
        "tags": {},
        "write_timeout": 60000,
        "retries": 5,
        "read_timeout": 60000,
        "ws_id": "3c4ca33f-a242-4d4e-9be7-74b1f2baa013",
        "protocol": "http",
        "created_at": 1647798925,
        "enabled": true,
        "updated_at": 1647798935,
        "host": "172.17.0.1"
    },
    "authenticated_entity": {
        "id": "84c98a6c-0b19-4e90-8d39-af6f3bd290b8"
    },
    "consumer": {
        "type": 0,
        "username_lower": "cat",
        "custom_id": "cat",
        "id": "e09deb31-2322-45c8-b553-0fbde3da9b62",
        "created_at": 1647801051,
        "username": "cat",
        "tags": []
    },
    "tries": [
        {
            "ip": "172.17.0.1",
            "balancer_latency": 1,
            "port": 5050,
            "balancer_start": 1648232990738
        }
    ],
    "started_at": 1648232990647,
    "client_ip": "172.23.0.1",
    "upstream_uri": "/v0/cat",
    "workspace": "3c4ca33f-a242-4d4e-9be7-74b1f2baa013",
    "response": {
        "status": 200,
        "size": 278,
        "headers": {
            "server": "Werkzeug/1.0.1 Python/2.7.17",
            "connection": "close",
            "date": "Fri, 25 Mar 2022 18:29:50 GMT",
            "via": "kong/2.8.0.0-enterprise-edition",
            "x-kong-proxy-latency": "92",
            "content-length": "14",
            "content-type": "application/json",
            "x-kong-upstream-latency": "105"
        }
    },
    "route": {
        "service": {
            "id": "8345bcf4-f363-4068-ad1e-3469b46dfff2"
        },
        "paths": ["/cat/v0"],
        "https_redirect_status_code": 426,
        "regex_priority": 0,
        "name": "v0-Cats",
        "id": "119ed191-30b9-49dc-a3f2-be17a8d69b92",
        "created_at": 1647798958,
        "ws_id": "3c4ca33f-a242-4d4e-9be7-74b1f2baa013",
        "request_buffering": true,
        "response_buffering": true,
        "path_handling": "v0",
        "preserve_host": false,
        "protocols": ["http"],
        "strip_path": true,
        "updated_at": 1648232953
    }
} {
    "request": {
        "querystring": {},
        "url": "http://localhost:8000/cat/v0/74",
        "headers": {
            "accept": "*/*",
            "x-consumer-custom-id": "cat",
            "x-consumer-username": "cat",
            "authorization": "REDACTED",
            "content-length": "270",
            "content-type": "multipart/form-data; boundary=--------------------------779438943543391281477751",
            "x-credential-username": "cat",
            "x-consumer-groups": "cat",
            "connection": "keep-alive",
            "x-credential-identifier": "cat",
            "postman-token": "3c79f70c-2896-4fd7-a4b3-331e6c5d556c",
            "x-consumer-id": "e09deb31-2322-45c8-b553-0fbde3da9b62",
            "user-agent": "PostmanRuntime/7.29.0",
            "accept-encoding": "gzip, deflate, br",
            "host": "localhost:8000"
        },
        "size": 635,
        "uri": "/cat/v0/74",
        "method": "DELETE"
    },
    "latencies": {
        "kong": 3,
        "request": 59,
        "proxy": 56
    },
    "service": {
        "name": "Cats",
        "path": "/v0/cat",
        "id": "8345bcf4-f363-4068-ad1e-3469b46dfff2",
        "port": 5050,
        "connect_timeout": 60000,
        "tags": {},
        "write_timeout": 60000,
        "retries": 5,
        "read_timeout": 60000,
        "ws_id": "3c4ca33f-a242-4d4e-9be7-74b1f2baa013",
        "protocol": "http",
        "created_at": 1647798925,
        "enabled": true,
        "updated_at": 1647798935,
        "host": "172.17.0.1"
    },
    "authenticated_entity": {
        "id": "84c98a6c-0b19-4e90-8d39-af6f3bd290b8"
    },
    "consumer": {
        "type": 0,
        "username_lower": "cat",
        "custom_id": "cat",
        "id": "e09deb31-2322-45c8-b553-0fbde3da9b62",
        "created_at": 1647801051,
        "username": "cat",
        "tags": []
    },
    "tries": [
        {
            "ip": "172.17.0.1",
            "balancer_latency": 0,
            "port": 5050,
            "balancer_start": 1648233007555
        }
    ],
    "started_at": 1648233007553,
    "client_ip": "172.23.0.1",
    "upstream_uri": "/v0/cat/74",
    "workspace": "3c4ca33f-a242-4d4e-9be7-74b1f2baa013",
    "response": {
        "status": 200,
        "size": 281,
        "headers": {
            "server": "Werkzeug/1.0.1 Python/2.7.17",
            "connection": "close",
            "date": "Fri, 25 Mar 2022 18:30:07 GMT",
            "via": "kong/2.8.0.0-enterprise-edition",
            "x-kong-proxy-latency": "2",
            "content-length": "19",
            "content-type": "application/json",
            "x-kong-upstream-latency": "56"
        }
    },
    "route": {
        "service": {
            "id": "8345bcf4-f363-4068-ad1e-3469b46dfff2"
        },
        "paths": ["/cat/v0"],
        "https_redirect_status_code": 426,
        "regex_priority": 0,
        "name": "v0-Cats",
        "id": "119ed191-30b9-49dc-a3f2-be17a8d69b92",
        "created_at": 1647798958,
        "ws_id": "3c4ca33f-a242-4d4e-9be7-74b1f2baa013",
        "request_buffering": true,
        "response_buffering": true,
        "path_handling": "v0",
        "preserve_host": false,
        "protocols": ["http"],
        "strip_path": true,
        "updated_at": 1648232953
    }
} {
    "request": {
        "querystring": {},
        "url": "http://localhost:8000/cat/v0/2",
        "headers": {
            "accept": "*/*",
            "x-consumer-custom-id": "catdog",
            "x-consumer-username": "catdog",
            "authorization": "REDACTED",
            "content-length": "279",
            "content-type": "multipart/form-data; boundary=--------------------------838889064191951376893339",
            "x-credential-username": "catdog",
            "x-consumer-groups": "catdog",
            "connection": "keep-alive",
            "x-credential-identifier": "catdog",
            "postman-token": "dc6e2884-85a7-4c58-8cbb-ae6e7699d3fb",
            "x-consumer-id": "3707a594-dc40-44a5-ade3-109aeb5e0439",
            "user-agent": "PostmanRuntime/7.29.0",
            "accept-encoding": "gzip, deflate, br",
            "host": "localhost:8000"
        },
        "size": 648,
        "uri": "/cat/v0/2",
        "method": "PUT"
    },
    "latencies": {
        "kong": 8,
        "request": 13,
        "proxy": 5
    },
    "service": {
        "name": "Cats",
        "path": "/v0/cat",
        "id": "8345bcf4-f363-4068-ad1e-3469b46dfff2",
        "port": 5050,
        "connect_timeout": 60000,
        "tags": {},
        "write_timeout": 60000,
        "retries": 5,
        "read_timeout": 60000,
        "ws_id": "3c4ca33f-a242-4d4e-9be7-74b1f2baa013",
        "protocol": "http",
        "created_at": 1647798925,
        "enabled": true,
        "updated_at": 1647798935,
        "host": "172.17.0.1"
    },
    "authenticated_entity": {
        "id": "1dfc43e8-b5a7-4ac7-82bf-caaed402efc3"
    },
    "consumer": {
        "type": 0,
        "username_lower": "catdog",
        "custom_id": "catdog",
        "id": "3707a594-dc40-44a5-ade3-109aeb5e0439",
        "created_at": 1647799297,
        "username": "catdog",
        "tags": []
    },
    "tries": [
        {
            "ip": "172.17.0.1",
            "balancer_latency": 0,
            "port": 5050,
            "balancer_start": 1648233019566
        }
    ],
    "started_at": 1648233019558,
    "client_ip": "172.23.0.1",
    "upstream_uri": "/v0/cat/2",
    "workspace": "3c4ca33f-a242-4d4e-9be7-74b1f2baa013",
    "response": {
        "status": 403,
        "size": 267,
        "headers": {
            "server": "Werkzeug/1.0.1 Python/2.7.17",
            "connection": "close",
            "date": "Fri, 25 Mar 2022 18:30:19 GMT",
            "via": "kong/2.8.0.0-enterprise-edition",
            "x-kong-proxy-latency": "8",
            "content-length": "0",
            "content-type": "application/json",
            "x-kong-upstream-latency": "5"
        }
    },
    "route": {
        "service": {
            "id": "8345bcf4-f363-4068-ad1e-3469b46dfff2"
        },
        "paths": ["/cat/v0"],
        "https_redirect_status_code": 426,
        "regex_priority": 0,
        "name": "v0-Cats",
        "id": "119ed191-30b9-49dc-a3f2-be17a8d69b92",
        "created_at": 1647798958,
        "ws_id": "3c4ca33f-a242-4d4e-9be7-74b1f2baa013",
        "request_buffering": true,
        "response_buffering": true,
        "path_handling": "v0",
        "preserve_host": false,
        "protocols": ["http"],
        "strip_path": true,
        "updated_at": 1648232953
    }
} {
    "request": {
        "querystring": {},
        "url": "http://localhost:8000/cat/v0/2",
        "headers": {
            "accept": "*/*",
            "x-consumer-custom-id": "catdog",
            "x-consumer-username": "catdog",
            "authorization": "REDACTED",
            "content-length": "125283",
            "content-type": "multipart/form-data; boundary=--------------------------644135646326573177687928",
            "x-credential-username": "catdog",
            "x-consumer-groups": "catdog",
            "connection": "keep-alive",
            "x-credential-identifier": "catdog",
            "postman-token": "2c11b3d4-a4eb-424a-9dec-82c1246a9c64",
            "x-consumer-id": "3707a594-dc40-44a5-ade3-109aeb5e0439",
            "user-agent": "PostmanRuntime/7.29.0",
            "accept-encoding": "gzip, deflate, br",
            "host": "localhost:8000"
        },
        "size": 125655,
        "uri": "/cat/v0/2",
        "method": "PUT"
    },
    "latencies": {
        "kong": 7,
        "request": 85,
        "proxy": 78
    },
    "service": {
        "name": "Cats",
        "path": "/v0/cat",
        "id": "8345bcf4-f363-4068-ad1e-3469b46dfff2",
        "port": 5050,
        "connect_timeout": 60000,
        "tags": {},
        "write_timeout": 60000,
        "retries": 5,
        "read_timeout": 60000,
        "ws_id": "3c4ca33f-a242-4d4e-9be7-74b1f2baa013",
        "protocol": "http",
        "created_at": 1647798925,
        "enabled": true,
        "updated_at": 1647798935,
        "host": "172.17.0.1"
    },
    "authenticated_entity": {
        "id": "1dfc43e8-b5a7-4ac7-82bf-caaed402efc3"
    },
    "consumer": {
        "type": 0,
        "username_lower": "catdog",
        "custom_id": "catdog",
        "id": "3707a594-dc40-44a5-ade3-109aeb5e0439",
        "created_at": 1647799297,
        "username": "catdog",
        "tags": []
    },
    "tries": [
        {
            "ip": "172.17.0.1",
            "balancer_latency": 1,
            "port": 5050,
            "balancer_start": 1648233029742
        }
    ],
    "started_at": 1648233029736,
    "client_ip": "172.23.0.1",
    "upstream_uri": "/v0/cat/2",
    "workspace": "3c4ca33f-a242-4d4e-9be7-74b1f2baa013",
    "response": {
        "status": 200,
        "size": 281,
        "headers": {
            "server": "Werkzeug/1.0.1 Python/2.7.17",
            "connection": "close",
            "date": "Fri, 25 Mar 2022 18:30:29 GMT",
            "via": "kong/2.8.0.0-enterprise-edition",
            "x-kong-proxy-latency": "7",
            "content-length": "19",
            "content-type": "application/json",
            "x-kong-upstream-latency": "78"
        }
    },
    "route": {
        "service": {
            "id": "8345bcf4-f363-4068-ad1e-3469b46dfff2"
        },
        "paths": ["/cat/v0"],
        "https_redirect_status_code": 426,
        "regex_priority": 0,
        "name": "v0-Cats",
        "id": "119ed191-30b9-49dc-a3f2-be17a8d69b92",
        "created_at": 1647798958,
        "ws_id": "3c4ca33f-a242-4d4e-9be7-74b1f2baa013",
        "request_buffering": true,
        "response_buffering": true,
        "path_handling": "v0",
        "preserve_host": false,
        "protocols": ["http"],
        "strip_path": true,
        "updated_at": 1648232953
    }
} {
    "request": {
        "querystring": {},
        "url": "http://localhost:8000/cat/v0/2",
        "headers": {
            "accept": "*/*",
            "x-consumer-custom-id": "cat",
            "x-consumer-username": "cat",
            "authorization": "REDACTED",
            "content-length": "270",
            "content-type": "multipart/form-data; boundary=--------------------------204485486399338300031579",
            "x-credential-username": "cat",
            "x-consumer-groups": "cat",
            "connection": "keep-alive",
            "x-credential-identifier": "cat",
            "postman-token": "0f12b2df-0970-43d3-8cac-16741e4ab6e6",
            "x-consumer-id": "e09deb31-2322-45c8-b553-0fbde3da9b62",
            "user-agent": "PostmanRuntime/7.29.0",
            "accept-encoding": "gzip, deflate, br",
            "host": "localhost:8000"
        },
        "size": 631,
        "uri": "/cat/v0/2",
        "method": "GET"
    },
    "latencies": {
        "kong": 4,
        "request": 33,
        "proxy": 29
    },
    "service": {
        "name": "Cats",
        "path": "/v0/cat",
        "id": "8345bcf4-f363-4068-ad1e-3469b46dfff2",
        "port": 5050,
        "connect_timeout": 60000,
        "tags": {},
        "write_timeout": 60000,
        "retries": 5,
        "read_timeout": 60000,
        "ws_id": "3c4ca33f-a242-4d4e-9be7-74b1f2baa013",
        "protocol": "http",
        "created_at": 1647798925,
        "enabled": true,
        "updated_at": 1647798935,
        "host": "172.17.0.1"
    },
    "authenticated_entity": {
        "id": "84c98a6c-0b19-4e90-8d39-af6f3bd290b8"
    },
    "consumer": {
        "type": 0,
        "username_lower": "cat",
        "custom_id": "cat",
        "id": "e09deb31-2322-45c8-b553-0fbde3da9b62",
        "created_at": 1647801051,
        "username": "cat",
        "tags": []
    },
    "tries": [
        {
            "ip": "172.17.0.1",
            "balancer_latency": 0,
            "port": 5050,
            "balancer_start": 1648233037973
        }
    ],
    "started_at": 1648233037971,
    "client_ip": "172.23.0.1",
    "upstream_uri": "/v0/cat/2",
    "workspace": "3c4ca33f-a242-4d4e-9be7-74b1f2baa013",
    "response": {
        "status": 200,
        "size": 166788,
        "headers": {
            "server": "Werkzeug/1.0.1 Python/2.7.17",
            "connection": "close",
            "date": "Fri, 25 Mar 2022 18:30:38 GMT",
            "via": "kong/2.8.0.0-enterprise-edition",
            "x-kong-proxy-latency": "2",
            "content-length": "166522",
            "content-type": "application/json",
            "x-kong-upstream-latency": "29"
        }
    },
    "route": {
        "service": {
            "id": "8345bcf4-f363-4068-ad1e-3469b46dfff2"
        },
        "paths": ["/cat/v0"],
        "https_redirect_status_code": 426,
        "regex_priority": 0,
        "name": "v0-Cats",
        "id": "119ed191-30b9-49dc-a3f2-be17a8d69b92",
        "created_at": 1647798958,
        "ws_id": "3c4ca33f-a242-4d4e-9be7-74b1f2baa013",
        "request_buffering": true,
        "response_buffering": true,
        "path_handling": "v0",
        "preserve_host": false,
        "protocols": ["http"],
        "strip_path": true,
        "updated_at": 1648232953
    }
} {
    "request": {
        "querystring": {},
        "url": "http://localhost:8000/dog/v0",
        "headers": {
            "accept": "*/*",
            "x-consumer-custom-id": "catdog",
            "x-consumer-username": "catdog",
            "authorization": "REDACTED",
            "content-length": "112012",
            "content-type": "multipart/form-data; boundary=--------------------------678105745662359564478588",
            "x-credential-username": "catdog",
            "x-consumer-groups": "catdog",
            "connection": "keep-alive",
            "x-credential-identifier": "catdog",
            "postman-token": "46c45fc0-a7e6-4d77-bdfb-f3be73398a3a",
            "x-consumer-id": "3707a594-dc40-44a5-ade3-109aeb5e0439",
            "user-agent": "PostmanRuntime/7.29.0",
            "accept-encoding": "gzip, deflate, br",
            "host": "localhost:8000"
        },
        "size": 112383,
        "uri": "/dog/v0",
        "method": "POST"
    },
    "latencies": {
        "kong": 5,
        "request": 66,
        "proxy": 61
    },
    "service": {
        "name": "Dogs",
        "path": "/v0/dog",
        "id": "f2203024-43cb-4c0c-a1ad-c6c913ecbae7",
        "port": 5051,
        "connect_timeout": 60000,
        "tags": {},
        "write_timeout": 60000,
        "retries": 5,
        "read_timeout": 60000,
        "ws_id": "3c4ca33f-a242-4d4e-9be7-74b1f2baa013",
        "protocol": "http",
        "created_at": 1647799046,
        "enabled": true,
        "updated_at": 1647799055,
        "host": "172.17.0.1"
    },
    "authenticated_entity": {
        "id": "1dfc43e8-b5a7-4ac7-82bf-caaed402efc3"
    },
    "consumer": {
        "type": 0,
        "username_lower": "catdog",
        "custom_id": "catdog",
        "id": "3707a594-dc40-44a5-ade3-109aeb5e0439",
        "created_at": 1647799297,
        "username": "catdog",
        "tags": []
    },
    "tries": [
        {
            "ip": "172.17.0.1",
            "balancer_latency": 1,
            "port": 5051,
            "balancer_start": 1648233059935
        }
    ],
    "started_at": 1648233059931,
    "client_ip": "172.23.0.1",
    "upstream_uri": "/v0/dog",
    "workspace": "3c4ca33f-a242-4d4e-9be7-74b1f2baa013",
    "response": {
        "status": 200,
        "size": 275,
        "headers": {
            "server": "Werkzeug/1.0.1 Python/2.7.17",
            "connection": "close",
            "date": "Fri, 25 Mar 2022 18:30:59 GMT",
            "via": "kong/2.8.0.0-enterprise-edition",
            "x-kong-proxy-latency": "5",
            "content-length": "13",
            "content-type": "application/json",
            "x-kong-upstream-latency": "61"
        }
    },
    "route": {
        "service": {
            "id": "f2203024-43cb-4c0c-a1ad-c6c913ecbae7"
        },
        "paths": ["/dog/v0"],
        "https_redirect_status_code": 426,
        "regex_priority": 0,
        "name": "v0-Dog",
        "id": "8ebb282d-351b-4201-982f-3d5a134d001a",
        "created_at": 1647799095,
        "ws_id": "3c4ca33f-a242-4d4e-9be7-74b1f2baa013",
        "request_buffering": true,
        "response_buffering": true,
        "path_handling": "v0",
        "preserve_host": false,
        "protocols": ["http"],
        "strip_path": true,
        "updated_at": 1648232936
    }
} {
    "request": {
        "querystring": {},
        "url": "http://localhost:8000/dog/v0/3",
        "headers": {
            "accept": "*/*",
            "x-consumer-custom-id": "dog",
            "x-consumer-username": "dog",
            "authorization": "REDACTED",
            "content-length": "270",
            "content-type": "multipart/form-data; boundary=--------------------------878810530431146883197049",
            "x-credential-username": "dog",
            "x-consumer-groups": "dog",
            "connection": "keep-alive",
            "x-credential-identifier": "dog",
            "postman-token": "5fd05981-37aa-438a-a6af-899e0cf7f52b",
            "x-consumer-id": "123e4106-913e-4670-b8f8-da3543db7a1b",
            "user-agent": "PostmanRuntime/7.29.0",
            "accept-encoding": "gzip, deflate, br",
            "host": "localhost:8000"
        },
        "size": 631,
        "uri": "/dog/v0/3",
        "method": "GET"
    },
    "latencies": {
        "kong": 11,
        "request": 45,
        "proxy": 34
    },
    "service": {
        "name": "Dogs",
        "path": "/v0/dog",
        "id": "f2203024-43cb-4c0c-a1ad-c6c913ecbae7",
        "port": 5051,
        "connect_timeout": 60000,
        "tags": {},
        "write_timeout": 60000,
        "retries": 5,
        "read_timeout": 60000,
        "ws_id": "3c4ca33f-a242-4d4e-9be7-74b1f2baa013",
        "protocol": "http",
        "created_at": 1647799046,
        "enabled": true,
        "updated_at": 1647799055,
        "host": "172.17.0.1"
    },
    "authenticated_entity": {
        "id": "89006225-09be-4d04-851d-183d352df328"
    },
    "consumer": {
        "type": 0,
        "username_lower": "dog",
        "custom_id": "dog",
        "id": "123e4106-913e-4670-b8f8-da3543db7a1b",
        "created_at": 1647799240,
        "username": "dog",
        "tags": []
    },
    "tries": [
        {
            "ip": "172.17.0.1",
            "balancer_latency": 0,
            "port": 5051,
            "balancer_start": 1648233067289
        }
    ],
    "started_at": 1648233067280,
    "client_ip": "172.23.0.1",
    "upstream_uri": "/v0/dog/3",
    "workspace": "3c4ca33f-a242-4d4e-9be7-74b1f2baa013",
    "response": {
        "status": 200,
        "size": 149109,
        "headers": {
            "server": "Werkzeug/1.0.1 Python/2.7.17",
            "connection": "close",
            "date": "Fri, 25 Mar 2022 18:31:07 GMT",
            "via": "kong/2.8.0.0-enterprise-edition",
            "x-kong-proxy-latency": "9",
            "content-length": "148843",
            "content-type": "application/json",
            "x-kong-upstream-latency": "34"
        }
    },
    "route": {
        "service": {
            "id": "f2203024-43cb-4c0c-a1ad-c6c913ecbae7"
        },
        "paths": ["/dog/v0"],
        "https_redirect_status_code": 426,
        "regex_priority": 0,
        "name": "v0-Dog",
        "id": "8ebb282d-351b-4201-982f-3d5a134d001a",
        "created_at": 1647799095,
        "ws_id": "3c4ca33f-a242-4d4e-9be7-74b1f2baa013",
        "request_buffering": true,
        "response_buffering": true,
        "path_handling": "v0",
        "preserve_host": false,
        "protocols": ["http"],
        "strip_path": true,
        "updated_at": 1648232936
    }
} {
    "request": {
        "querystring": {},
        "url": "http://localhost:8000/dog/v0/3",
        "headers": {
            "accept": "*/*",
            "x-consumer-custom-id": "catdog",
            "x-consumer-username": "catdog",
            "authorization": "REDACTED",
            "content-length": "280",
            "content-type": "multipart/form-data; boundary=--------------------------163475119719476463970834",
            "x-credential-username": "catdog",
            "x-consumer-groups": "catdog",
            "connection": "keep-alive",
            "x-credential-identifier": "catdog",
            "postman-token": "479eee6c-7ca4-48a3-a961-d24cb286c297",
            "x-consumer-id": "3707a594-dc40-44a5-ade3-109aeb5e0439",
            "user-agent": "PostmanRuntime/7.29.0",
            "accept-encoding": "gzip, deflate, br",
            "host": "localhost:8000"
        },
        "size": 649,
        "uri": "/dog/v0/3",
        "method": "PUT"
    },
    "latencies": {
        "kong": 5,
        "request": 13,
        "proxy": 8
    },
    "service": {
        "name": "Dogs",
        "path": "/v0/dog",
        "id": "f2203024-43cb-4c0c-a1ad-c6c913ecbae7",
        "port": 5051,
        "connect_timeout": 60000,
        "tags": {},
        "write_timeout": 60000,
        "retries": 5,
        "read_timeout": 60000,
        "ws_id": "3c4ca33f-a242-4d4e-9be7-74b1f2baa013",
        "protocol": "http",
        "created_at": 1647799046,
        "enabled": true,
        "updated_at": 1647799055,
        "host": "172.17.0.1"
    },
    "authenticated_entity": {
        "id": "1dfc43e8-b5a7-4ac7-82bf-caaed402efc3"
    },
    "consumer": {
        "type": 0,
        "username_lower": "catdog",
        "custom_id": "catdog",
        "id": "3707a594-dc40-44a5-ade3-109aeb5e0439",
        "created_at": 1647799297,
        "username": "catdog",
        "tags": []
    },
    "tries": [
        {
            "ip": "172.17.0.1",
            "balancer_latency": 1,
            "port": 5051,
            "balancer_start": 1648233133604
        }
    ],
    "started_at": 1648233133600,
    "client_ip": "172.23.0.1",
    "upstream_uri": "/v0/dog/3",
    "workspace": "3c4ca33f-a242-4d4e-9be7-74b1f2baa013",
    "response": {
        "status": 403,
        "size": 267,
        "headers": {
            "server": "Werkzeug/1.0.1 Python/2.7.17",
            "connection": "close",
            "date": "Fri, 25 Mar 2022 18:32:13 GMT",
            "via": "kong/2.8.0.0-enterprise-edition",
            "x-kong-proxy-latency": "5",
            "content-length": "0",
            "content-type": "application/json",
            "x-kong-upstream-latency": "8"
        }
    },
    "route": {
        "service": {
            "id": "f2203024-43cb-4c0c-a1ad-c6c913ecbae7"
        },
        "paths": ["/dog/v0"],
        "https_redirect_status_code": 426,
        "regex_priority": 0,
        "name": "v0-Dog",
        "id": "8ebb282d-351b-4201-982f-3d5a134d001a",
        "created_at": 1647799095,
        "ws_id": "3c4ca33f-a242-4d4e-9be7-74b1f2baa013",
        "request_buffering": true,
        "response_buffering": true,
        "path_handling": "v0",
        "preserve_host": false,
        "protocols": ["http"],
        "strip_path": true,
        "updated_at": 1648232936
    }
} {
    "request": {
        "querystring": {},
        "url": "http://localhost:8000/dog/v0/3",
        "headers": {
            "accept": "*/*",
            "x-consumer-custom-id": "catdog",
            "x-consumer-username": "catdog",
            "authorization": "REDACTED",
            "content-length": "112022",
            "content-type": "multipart/form-data; boundary=--------------------------297540612628553548793666",
            "x-credential-username": "catdog",
            "x-consumer-groups": "catdog",
            "connection": "keep-alive",
            "x-credential-identifier": "catdog",
            "postman-token": "6f0acccf-5e09-48f6-9e43-37fe35f2ff42",
            "x-consumer-id": "3707a594-dc40-44a5-ade3-109aeb5e0439",
            "user-agent": "PostmanRuntime/7.29.0",
            "accept-encoding": "gzip, deflate, br",
            "host": "localhost:8000"
        },
        "size": 112394,
        "uri": "/dog/v0/3",
        "method": "PUT"
    },
    "latencies": {
        "kong": 44,
        "request": 112,
        "proxy": 68
    },
    "service": {
        "name": "Dogs",
        "path": "/v0/dog",
        "id": "f2203024-43cb-4c0c-a1ad-c6c913ecbae7",
        "port": 5051,
        "connect_timeout": 60000,
        "tags": {},
        "write_timeout": 60000,
        "retries": 5,
        "read_timeout": 60000,
        "ws_id": "3c4ca33f-a242-4d4e-9be7-74b1f2baa013",
        "protocol": "http",
        "created_at": 1647799046,
        "enabled": true,
        "updated_at": 1647799055,
        "host": "172.17.0.1"
    },
    "authenticated_entity": {
        "id": "1dfc43e8-b5a7-4ac7-82bf-caaed402efc3"
    },
    "consumer": {
        "type": 0,
        "username_lower": "catdog",
        "custom_id": "catdog",
        "id": "3707a594-dc40-44a5-ade3-109aeb5e0439",
        "created_at": 1647799297,
        "username": "catdog",
        "tags": []
    },
    "tries": [
        {
            "ip": "172.17.0.1",
            "balancer_latency": 1,
            "port": 5051,
            "balancer_start": 1648233142435
        }
    ],
    "started_at": 1648233142393,
    "client_ip": "172.23.0.1",
    "upstream_uri": "/v0/dog/3",
    "workspace": "3c4ca33f-a242-4d4e-9be7-74b1f2baa013",
    "response": {
        "status": 200,
        "size": 282,
        "headers": {
            "server": "Werkzeug/1.0.1 Python/2.7.17",
            "connection": "close",
            "date": "Fri, 25 Mar 2022 18:32:22 GMT",
            "via": "kong/2.8.0.0-enterprise-edition",
            "x-kong-proxy-latency": "43",
            "content-length": "19",
            "content-type": "application/json",
            "x-kong-upstream-latency": "68"
        }
    },
    "route": {
        "service": {
            "id": "f2203024-43cb-4c0c-a1ad-c6c913ecbae7"
        },
        "paths": ["/dog/v0"],
        "https_redirect_status_code": 426,
        "regex_priority": 0,
        "name": "v0-Dog",
        "id": "8ebb282d-351b-4201-982f-3d5a134d001a",
        "created_at": 1647799095,
        "ws_id": "3c4ca33f-a242-4d4e-9be7-74b1f2baa013",
        "request_buffering": true,
        "response_buffering": true,
        "path_handling": "v0",
        "preserve_host": false,
        "protocols": ["http"],
        "strip_path": true,
        "updated_at": 1648232936
    }
} {
    "upstream_uri": "/v0/dog/3",
    "authenticated_entity": {
        "id": "89006225-09be-4d04-851d-183d352df328"
    },
    "service": {
        "write_timeout": 60000,
        "updated_at": 1647799055,
        "retries": 5,
        "host": "172.17.0.1",
        "connect_timeout": 60000,
        "id": "f2203024-43cb-4c0c-a1ad-c6c913ecbae7",
        "created_at": 1647799046,
        "path": "/v0/dog",
        "port": 5051,
        "read_timeout": 60000,
        "tags": {},
        "ws_id": "3c4ca33f-a242-4d4e-9be7-74b1f2baa013",
        "protocol": "http",
        "enabled": true,
        "name": "Dogs"
    },
    "workspace": "3c4ca33f-a242-4d4e-9be7-74b1f2baa013",
    "response": {
        "headers": {
            "x-kong-upstream-latency": "135",
            "server": "Werkzeug/1.0.1 Python/2.7.17",
            "date": "Fri, 25 Mar 2022 18:38:01 GMT",
            "content-type": "application/json",
            "connection": "close",
            "via": "kong/2.8.0.0-enterprise-edition",
            "x-kong-proxy-latency": "31",
            "content-length": "148843"
        },
        "status": 200,
        "size": 149111
    },
    "started_at": 1648233481685,
    "route": {
        "updated_at": 1648232936,
        "paths": ["/dog/v0"],
        "id": "8ebb282d-351b-4201-982f-3d5a134d001a",
        "created_at": 1647799095,
        "strip_path": true,
        "path_handling": "v0",
        "ws_id": "3c4ca33f-a242-4d4e-9be7-74b1f2baa013",
        "response_buffering": true,
        "preserve_host": false,
        "protocols": ["http"],
        "https_redirect_status_code": 426,
        "service": {
            "id": "f2203024-43cb-4c0c-a1ad-c6c913ecbae7"
        },
        "regex_priority": 0,
        "request_buffering": true,
        "name": "v0-Dog"
    },
    "client_ip": "172.23.0.1",
    "request": {
        "uri": "/dog/v0/3",
        "url": "http://localhost:8000/dog/v0/3",
        "querystring": {},
        "headers": {
            "user-agent": "PostmanRuntime/7.29.0",
            "x-consumer-id": "123e4106-913e-4670-b8f8-da3543db7a1b",
            "x-consumer-custom-id": "dog",
            "accept": "*/*",
            "x-credential-identifier": "dog",
            "postman-token": "97f2fd7a-de86-4b9d-9472-ed75597b4814",
            "x-consumer-username": "dog",
            "x-credential-username": "dog",
            "content-length": "270",
            "content-type": "multipart/form-data; boundary=--------------------------909375378468597289523013",
            "connection": "keep-alive",
            "x-consumer-groups": "dog",
            "authorization": "REDACTED",
            "host": "localhost:8000",
            "accept-encoding": "gzip, deflate, br"
        },
        "method": "GET",
        "size": 631
    },
    "consumer": {
        "type": 0,
        "username_lower": "dog",
        "username": "dog",
        "id": "123e4106-913e-4670-b8f8-da3543db7a1b",
        "tags": [],
        "custom_id": "dog",
        "created_at": 1647799240
    },
    "latencies": {
        "kong": 34,
        "request": 169,
        "proxy": 135
    },
    "tries": [
        {
            "port": 5051,
            "balancer_start": 1648233481715,
            "ip": "172.17.0.1",
            "balancer_latency": 1
        }
    ]
}
